Flow report for pld_mbed_etudiant
Fri Apr 25 17:32:04 2025
Quartus II 32-bit Version 13.0.1 Build 232 06/12/2013 Service Pack 1 SJ Web Edition


---------------------
; Table of Contents ;
---------------------
  1. Legal Notice
  2. Flow Summary
  3. Flow Settings
  4. Flow Non-Default Global Settings
  5. Flow Elapsed Time
  6. Flow OS Summary
  7. Flow Log
  8. Flow Messages
  9. Flow Suppressed Messages



----------------
; Legal Notice ;
----------------
Copyright (C) 1991-2013 Altera Corporation
Your use of Altera Corporation's design tools, logic functions 
and other software and tools, and its AMPP partner logic 
functions, and any output files from any of the foregoing 
(including device programming or simulation files), and any 
associated documentation or information are expressly subject 
to the terms and conditions of the Altera Program License 
Subscription Agreement, Altera MegaCore Function License 
Agreement, or other applicable license agreement, including, 
without limitation, that your use is for the sole purpose of 
programming logic devices manufactured by Altera and sold by 
Altera or its authorized distributors.  Please refer to the 
applicable agreement for further details.



+-----------------------------------------------------------------------------+
; Flow Summary                                                                ;
+---------------------------+-------------------------------------------------+
; Flow Status               ; Successful - Fri Apr 25 17:32:04 2025           ;
; Quartus II 32-bit Version ; 13.0.1 Build 232 06/12/2013 SP 1 SJ Web Edition ;
; Revision Name             ; pld_mbed_etudiant                               ;
; Top-level Entity Name     ; PWM                                             ;
; Family                    ; MAX7000S                                        ;
; Device                    ; EPM7064SLC44-10                                 ;
; Timing Models             ; Final                                           ;
; Total macrocells          ; 10 / 64 ( 16 % )                                ;
; Total pins                ; 17 / 36 ( 47 % )                                ;
+---------------------------+-------------------------------------------------+


+-----------------------------------------+
; Flow Settings                           ;
+-------------------+---------------------+
; Option            ; Setting             ;
+-------------------+---------------------+
; Start date & time ; 04/25/2025 17:28:19 ;
; Main task         ; Compilation         ;
; Revision Name     ; pld_mbed_etudiant   ;
+-------------------+---------------------+


+----------------------------------------------------------------------------------------------------------------------+
; Flow Non-Default Global Settings                                                                                     ;
+---------------------------------+---------------------------------+-------------------+-------------+----------------+
; Assignment Name                 ; Value                           ; Default Value     ; Entity Name ; Section Id     ;
+---------------------------------+---------------------------------+-------------------+-------------+----------------+
; COMPILER_SIGNATURE_ID           ; 224948460485315.174559489918228 ; --                ; --          ; --             ;
; EDA_GENERATE_FUNCTIONAL_NETLIST ; On                              ; --                ; --          ; eda_simulation ;
; EDA_OUTPUT_DATA_FORMAT          ; Verilog Hdl                     ; --                ; --          ; eda_simulation ;
; EDA_SIMULATION_TOOL             ; ModelSim-Altera (Verilog)       ; <None>            ; --          ; --             ;
; IP_TOOL_NAME                    ; LPM_CONSTANT                    ; --                ; --          ; --             ;
; IP_TOOL_VERSION                 ; 13.0                            ; --                ; --          ; --             ;
; MAX_CORE_JUNCTION_TEMP          ; 85                              ; --                ; --          ; --             ;
; MIN_CORE_JUNCTION_TEMP          ; 0                               ; --                ; --          ; --             ;
; MISC_FILE                       ; ref_pwm.bsf                     ; --                ; --          ; --             ;
; MISC_FILE                       ; ref_pwm.cmp                     ; --                ; --          ; --             ;
; PROJECT_OUTPUT_DIRECTORY        ; output_files                    ; --                ; --          ; --             ;
; TOP_LEVEL_ENTITY                ; PWM                             ; pld_mbed_etudiant ; --          ; --             ;
+---------------------------------+---------------------------------+-------------------+-------------+----------------+


+-------------------------------------------------------------------------------------------------------------------------------+
; Flow Elapsed Time                                                                                                             ;
+---------------------------+--------------+-------------------------+---------------------+------------------------------------+
; Module Name               ; Elapsed Time ; Average Processors Used ; Peak Virtual Memory ; Total CPU Time (on all processors) ;
+---------------------------+--------------+-------------------------+---------------------+------------------------------------+
; Analysis & Synthesis      ; 00:00:01     ; 1.0                     ; 396 MB              ; 00:00:01                           ;
; Fitter                    ; 00:00:01     ; 1.0                     ; 358 MB              ; 00:00:00                           ;
; Assembler                 ; 00:00:01     ; 1.0                     ; 341 MB              ; 00:00:00                           ;
; TimeQuest Timing Analyzer ; 00:00:01     ; 1.0                     ; 321 MB              ; 00:00:01                           ;
; EDA Netlist Writer        ; 00:00:00     ; 1.0                     ; 304 MB              ; 00:00:00                           ;
; EDA Netlist Writer        ; 00:00:00     ; 1.0                     ; 321 MB              ; 00:00:00                           ;
; EDA Netlist Writer        ; 00:00:00     ; 1.0                     ; 323 MB              ; 00:00:00                           ;
; EDA Netlist Writer        ; 00:00:00     ; 1.0                     ; 321 MB              ; 00:00:00                           ;
; EDA Netlist Writer        ; 00:00:00     ; 1.0                     ; 323 MB              ; 00:00:00                           ;
; Total                     ; 00:00:04     ; --                      ; --                  ; 00:00:02                           ;
+---------------------------+--------------+-------------------------+---------------------+------------------------------------+


+----------------------------------------------------------------------------------------+
; Flow OS Summary                                                                        ;
+---------------------------+------------------+-----------+------------+----------------+
; Module Name               ; Machine Hostname ; OS Name   ; OS Version ; Processor type ;
+---------------------------+------------------+-----------+------------+----------------+
; Analysis & Synthesis      ; PC-270-05        ; Windows 7 ; 6.2        ; x86_64         ;
; Fitter                    ; PC-270-05        ; Windows 7 ; 6.2        ; x86_64         ;
; Assembler                 ; PC-270-05        ; Windows 7 ; 6.2        ; x86_64         ;
; TimeQuest Timing Analyzer ; PC-270-05        ; Windows 7 ; 6.2        ; x86_64         ;
; EDA Netlist Writer        ; PC-270-05        ; Windows 7 ; 6.2        ; x86_64         ;
; EDA Netlist Writer        ; PC-270-05        ; Windows 7 ; 6.2        ; x86_64         ;
; EDA Netlist Writer        ; PC-270-05        ; Windows 7 ; 6.2        ; x86_64         ;
; EDA Netlist Writer        ; PC-270-05        ; Windows 7 ; 6.2        ; x86_64         ;
; EDA Netlist Writer        ; PC-270-05        ; Windows 7 ; 6.2        ; x86_64         ;
+---------------------------+------------------+-----------+------------+----------------+


------------
; Flow Log ;
------------
quartus_map --read_settings_files=on --write_settings_files=off pld_mbed_etudiant -c pld_mbed_etudiant
quartus_fit --read_settings_files=off --write_settings_files=off pld_mbed_etudiant -c pld_mbed_etudiant
quartus_asm --read_settings_files=off --write_settings_files=off pld_mbed_etudiant -c pld_mbed_etudiant
quartus_sta pld_mbed_etudiant -c pld_mbed_etudiant
quartus_eda --read_settings_files=off --write_settings_files=off pld_mbed_etudiant -c pld_mbed_etudiant
quartus_eda --gen_testbench --check_outputs=on --tool=modelsim_oem --format=verilog pld_mbed_etudiant -c pld_mbed_etudiant --vector_source=Z:/BUT2/SAE_ROUE/PLD/PWM.vwf --testbench_file=./simulation/qsim/pld_mbed_etudiant.vt
quartus_eda --functional=on --simulation=on --tool=modelsim_oem --format=verilog pld_mbed_etudiant -c pld_mbed_etudiant
quartus_eda --gen_testbench --check_outputs=on --tool=modelsim_oem --format=verilog pld_mbed_etudiant -c pld_mbed_etudiant --vector_source=Z:/BUT2/SAE_ROUE/PLD/PWM.vwf --testbench_file=./simulation/qsim/pld_mbed_etudiant.vt
quartus_eda --functional=on --simulation=on --tool=modelsim_oem --format=verilog pld_mbed_etudiant -c pld_mbed_etudiant



